e:\cours\coursc++\tparmy\tparmyc-\tparmy\debug\tparmy.pch
e:\cours\coursc++\tparmy\tparmyc-\tparmy\debug\vc120.pdb
e:\cours\coursc++\tparmy\tparmyc-\tparmy\debug\vc120.idb
e:\cours\coursc++\tparmy\tparmyc-\tparmy\debug\stdafx.obj
e:\cours\coursc++\tparmy\tparmyc-\tparmy\debug\armorcapacity.obj
e:\cours\coursc++\tparmy\tparmyc-\tparmy\debug\army.obj
e:\cours\coursc++\tparmy\tparmyc-\tparmy\debug\capacity.obj
e:\cours\coursc++\tparmy\tparmyc-\tparmy\debug\damagecapacity.obj
e:\cours\coursc++\tparmy\tparmyc-\tparmy\debug\game.obj
e:\cours\coursc++\tparmy\tparmyc-\tparmy\debug\health.obj
e:\cours\coursc++\tparmy\tparmyc-\tparmy\debug\ia.obj
e:\cours\coursc++\tparmy\tparmyc-\tparmy\debug\map.obj
e:\cours\coursc++\tparmy\tparmyc-\tparmy\debug\point.obj
e:\cours\coursc++\tparmy\tparmyc-\tparmy\debug\rangecapacity.obj
e:\cours\coursc++\tparmy\tparmyc-\tparmy\debug\regencapacity.obj
e:\cours\coursc++\tparmy\tparmyc-\tparmy\debug\reloadspeedcapacity.obj
e:\cours\coursc++\tparmy\tparmyc-\tparmy\debug\speedcapacity.obj
e:\cours\coursc++\tparmy\tparmyc-\tparmy\debug\tparmy.obj
e:\cours\coursc++\tparmy\tparmyc-\tparmy\debug\unit.obj
e:\cours\coursc++\tparmy\tparmyc-\debug\tparmy.exe
e:\cours\coursc++\tparmy\tparmyc-\tparmy\debug\tparmy.tlog\cl.command.1.tlog
e:\cours\coursc++\tparmy\tparmyc-\tparmy\debug\tparmy.tlog\cl.read.1.tlog
e:\cours\coursc++\tparmy\tparmyc-\tparmy\debug\tparmy.tlog\cl.write.1.tlog
e:\cours\coursc++\tparmy\tparmyc-\tparmy\debug\tparmy.tlog\link.command.1.tlog
e:\cours\coursc++\tparmy\tparmyc-\tparmy\debug\tparmy.tlog\link.read.1.tlog
e:\cours\coursc++\tparmy\tparmyc-\tparmy\debug\tparmy.tlog\link.write.1.tlog
